<?xml version="1.0" encoding="UTF-8"?>
<!-- Generated by org.testng.reporters.JUnitReportReporter -->
<testsuite hostname="Batuhans-MacBook-Pro.local" failures="0" tests="2" name="pomdesign.WebOrderTest" time="0.969" errors="0" timestamp="12 Dec 2018 21:00:42 GMT" skipped="1">
  <testcase classname="pomdesign.WebOrderTest" name="ProductsTest" time="0.969"/>
  <testcase classname="pomdesign.WebOrderTest" name="loginUsingPOM2">
    <skipped/>
  </testcase> <!-- loginUsingPOM2 -->
</testsuite> <!-- pomdesign.WebOrderTest -->
