<?xml version="1.0" encoding="UTF-8"?>
<!-- Generated by org.testng.reporters.JUnitReportReporter -->
<testsuite skipped="0" hostname="Batuhans-MacBook-Pro.local" name="com.google.googleSearchTest" tests="1" failures="0" timestamp="10 Dec 2018 21:59:10 GMT" time="8.800" errors="0">
  <testcase name="searchResults" time="8.800" classname="com.google.googleSearchTest"/>
</testsuite> <!-- com.google.googleSearchTest -->
