<?xml version="1.0" encoding="UTF-8"?>
<!-- Generated by org.testng.reporters.JUnitReportReporter -->
<testsuite hostname="Batuhans-MacBook-Pro.local" failures="0" tests="1" name="com.cybertek.sauceTest" time="14.444" errors="0" timestamp="11 Dec 2018 19:59:25 GMT" skipped="0">
  <testcase classname="com.cybertek.sauceTest" name="login" time="14.444"/>
</testsuite> <!-- com.cybertek.sauceTest -->
